23-04-2018 19:42:33:System.NullReferenceException: Object reference not set to an instance of an object.
   at FundooApp.Controllers.NotesController.<GetNotes>d__2.MoveNext() in D:\FundooApp\FundooApp\FundooApp\Controllers\NotesController.cs:line 27
24-04-2018 12:02:12:System.NullReferenceException: Object reference not set to an instance of an object.
   at FundooApp.Controllers.AccountController.<ConsumeApi>d__8.MoveNext() in D:\FundooApp\FundooApp\FundooApp\Controllers\AccountController.cs:line 137
24-04-2018 12:04:06:System.NullReferenceException: Object reference not set to an instance of an object.
   at FundooApp.Controllers.AccountController.<Token>d__6.MoveNext() in D:\FundooApp\FundooApp\FundooApp\Controllers\AccountController.cs:line 61
24-04-2018 12:04:09:System.NullReferenceException: Object reference not set to an instance of an object.
   at FundooApp.Controllers.AccountController.<ConsumeApi>d__8.MoveNext() in D:\FundooApp\FundooApp\FundooApp\Controllers\AccountController.cs:line 139
24-04-2018 12:17:57:System.NullReferenceException: Object reference not set to an instance of an object.
   at FundooApp.Controllers.AccountController.<ConsumeApi>d__8.MoveNext() in D:\FundooApp\FundooApp\FundooApp\Controllers\AccountController.cs:line 142
24-04-2018 14:53:57:Newtonsoft.Json.JsonReaderException: Unexpected character encountered while parsing value: <. Path '', line 0, position 0.
   at Newtonsoft.Json.JsonTextReader.ParseValue()
   at Newtonsoft.Json.JsonTextReader.Read()
   at Newtonsoft.Json.JsonReader.ReadForType(JsonContract contract, Boolean hasConverter)
   at Newtonsoft.Json.Serialization.JsonSerializerInternalReader.Deserialize(JsonReader reader, Type objectType, Boolean checkAdditionalContent)
   at Newtonsoft.Json.JsonSerializer.DeserializeInternal(JsonReader reader, Type objectType)
   at Newtonsoft.Json.JsonConvert.DeserializeObject(String value, Type type, JsonSerializerSettings settings)
   at Newtonsoft.Json.JsonConvert.DeserializeObject[T](String value, JsonSerializerSettings settings)
   at Newtonsoft.Json.JsonConvert.DeserializeObject[T](String value)
   at FundooApp.Controllers.AccountController.<ConsumeApi>d__8.MoveNext() in D:\FundooApp\FundooApp\FundooApp\Controllers\AccountController.cs:line 147
24-04-2018 14:54:06:Newtonsoft.Json.JsonReaderException: Unexpected character encountered while parsing value: <. Path '', line 0, position 0.
   at Newtonsoft.Json.JsonTextReader.ParseValue()
   at Newtonsoft.Json.JsonTextReader.Read()
   at Newtonsoft.Json.JsonReader.ReadForType(JsonContract contract, Boolean hasConverter)
   at Newtonsoft.Json.Serialization.JsonSerializerInternalReader.Deserialize(JsonReader reader, Type objectType, Boolean checkAdditionalContent)
   at Newtonsoft.Json.JsonSerializer.DeserializeInternal(JsonReader reader, Type objectType)
   at Newtonsoft.Json.JsonConvert.DeserializeObject(String value, Type type, JsonSerializerSettings settings)
   at Newtonsoft.Json.JsonConvert.DeserializeObject[T](String value, JsonSerializerSettings settings)
   at Newtonsoft.Json.JsonConvert.DeserializeObject[T](String value)
   at FundooApp.Controllers.AccountController.<ConsumeApi>d__8.MoveNext() in D:\FundooApp\FundooApp\FundooApp\Controllers\AccountController.cs:line 147
24-04-2018 14:55:08:Newtonsoft.Json.JsonReaderException: Unexpected character encountered while parsing value: <. Path '', line 0, position 0.
   at Newtonsoft.Json.JsonTextReader.ParseValue()
   at Newtonsoft.Json.JsonTextReader.Read()
   at Newtonsoft.Json.JsonReader.ReadForType(JsonContract contract, Boolean hasConverter)
   at Newtonsoft.Json.Serialization.JsonSerializerInternalReader.Deserialize(JsonReader reader, Type objectType, Boolean checkAdditionalContent)
   at Newtonsoft.Json.JsonSerializer.DeserializeInternal(JsonReader reader, Type objectType)
   at Newtonsoft.Json.JsonConvert.DeserializeObject(String value, Type type, JsonSerializerSettings settings)
   at Newtonsoft.Json.JsonConvert.DeserializeObject[T](String value, JsonSerializerSettings settings)
   at Newtonsoft.Json.JsonConvert.DeserializeObject[T](String value)
   at FundooApp.Controllers.AccountController.<ConsumeApi>d__8.MoveNext() in D:\FundooApp\FundooApp\FundooApp\Controllers\AccountController.cs:line 147
24-04-2018 15:06:40:System.UriFormatException: Invalid URI: Invalid port specified.
   at System.Uri.CreateThis(String uri, Boolean dontEscape, UriKind uriKind)
   at System.Uri..ctor(String uriString)
   at FundooApp.Controllers.AccountController.<ConsumeApi>d__8.MoveNext() in D:\FundooApp\FundooApp\FundooApp\Controllers\AccountController.cs:line 139
24-04-2018 16:00:52:System.NullReferenceException: Object reference not set to an instance of an object.
   at FundooApp.Controllers.NotesController.<List>d__9.MoveNext() in D:\FundooApp\FundooApp\FundooApp\Controllers\NotesController.cs:line 166
24-04-2018 17:22:33:System.NullReferenceException: Object reference not set to an instance of an object.
   at FundooApp.Controllers.NotesController.<List>d__9.MoveNext() in D:\FundooApp\FundooApp\FundooApp\Controllers\NotesController.cs:line 165
